[debug] [2018-02-03T09:51:42.252Z] ----------------------------------------------------------------------
[debug] [2018-02-03T09:51:42.255Z] Command:       C:\Program Files\nodejs\node.exe C:\Users\timev\AppData\Roaming\npm\node_modules\firebase-tools\bin\firebase deploy
[debug] [2018-02-03T09:51:42.255Z] CLI Version:   3.17.4
[debug] [2018-02-03T09:51:42.255Z] Platform:      win32
[debug] [2018-02-03T09:51:42.255Z] Node Version:  v8.7.0
[debug] [2018-02-03T09:51:42.255Z] Time:          Sat Feb 03 2018 11:51:42 GMT+0200 (South Africa Standard Time)
[debug] [2018-02-03T09:51:42.255Z] ----------------------------------------------------------------------
[debug] 
[debug] [2018-02-03T09:51:42.279Z] > command requires scopes: ["email","openid","https://www.googleapis.com/auth/cloudplatformprojects.readonly","https://www.googleapis.com/auth/firebase","https://www.googleapis.com/auth/cloud-platform"]
[debug] [2018-02-03T09:51:42.281Z] > authorizing via signed-in user
[debug] [2018-02-03T09:51:42.283Z] >>> HTTP REQUEST GET https://admin.firebase.com/v1/projects/creatorworkshops-61b79  
  
 Sat Feb 03 2018 11:51:42 GMT+0200 (South Africa Standard Time)
[debug] [2018-02-03T09:51:43.611Z] <<< HTTP RESPONSE 200
[debug] [2018-02-03T09:51:43.613Z] >>> HTTP REQUEST GET https://admin.firebase.com/v1/database/creatorworkshops-61b79/tokens  
  
 Sat Feb 03 2018 11:51:43 GMT+0200 (South Africa Standard Time)
[debug] [2018-02-03T09:51:44.830Z] <<< HTTP RESPONSE 200
[info] 
[info] === Deploying to 'creatorworkshops-61b79'...
[info] 
[info] i  deploying hosting
[info] i  hosting: preparing src directory for upload...
[debug] [2018-02-03T09:51:52.732Z] >>> HTTP REQUEST PUT https://deploy.firebase.com/v1/hosting/creatorworkshops-61b79/uploads/-L4Q42Dp8Cmhmz1EFkBw?fileCount=85&message=  
  
 Sat Feb 03 2018 11:51:52 GMT+0200 (South Africa Standard Time)
